<?xml version="1.0" encoding="UTF-8"?>
<testsuite xmlns:xsi="http://www.w3.org/2001/XMLSchema-instance" xsi:noNamespaceSchemaLocation="https://maven.apache.org/surefire/maven-surefire-plugin/xsd/surefire-test-report.xsd" version="3.0.2" name="com.document.chat.rag.RagApplicationTests" time="14.41" tests="1" errors="0" skipped="0" failures="0">
  <properties>
[...]
</properties>
  <testcase name="contextLoads" classname="com.document.chat.rag.RagApplicationTests" time="0.815">
    <system-out><![CDATA[23:24:33.188 [main] INFO org.springframework.test.context.support.AnnotationConfigContextLoaderUtils -- Could not detect default configuration classes for test class [com.document.chat.rag.RagApplicationTests]: RagApplicationTests does not declare any static, non-private, non-final, nested classes annotated with @Configuration.
23:24:33.279 [main] INFO org.springframework.boot.test.context.SpringBootTestContextBootstrapper -- Found @SpringBootConfiguration com.document.chat.rag.RagApplication for test class com.document.chat.rag.RagApplicationTests

  .   ____          _            __ _ _
 /\\ / ___'_ __ _ _(_)_ __  __ _ \ \ \ \
( ( )\___ | '_ | '_| | '_ \/ _` | \ \ \ \
 \\/  ___)| |_)| | | | | || (_| |  ) ) ) )
  '  |____| .__|_| |_|_| |_\__, | / / / /
 =========|_|==============|___/=/_/_/_/

 :: Spring Boot ::                (v3.4.2)

2025-02-14T23:24:33.567+05:30  INFO 39103 --- [rag] [           main] c.document.chat.rag.RagApplicationTests  : Starting RagApplicationTests using Java 21 with PID 39103 (started by sourav in /Users/sourav/Documents/Development/AI/rag-master)
2025-02-14T23:24:33.568+05:30  INFO 39103 --- [rag] [           main] c.document.chat.rag.RagApplicationTests  : No active profile set, falling back to 1 default profile: "default"
2025-02-14T23:24:34.129+05:30  INFO 39103 --- [rag] [           main] .s.d.r.c.RepositoryConfigurationDelegate : Bootstrapping Spring Data JDBC repositories in DEFAULT mode.
2025-02-14T23:24:34.145+05:30  INFO 39103 --- [rag] [           main] .s.d.r.c.RepositoryConfigurationDelegate : Finished Spring Data repository scanning in 11 ms. Found 0 JDBC repository interfaces.
2025-02-14T23:24:34.565+05:30  INFO 39103 --- [rag] [           main] c.a.c.h.n.implementation.NettyUtility    : {"az.sdk.message":"The following Netty versions were found on the classpath and have a mismatch with the versions used by azure-core-http-netty. If your application runs without issue this message can be ignored, otherwise please align the Netty versions used in your application. For more information, see https://aka.ms/azsdk/java/dependency/troubleshoot.","azure-netty-version":"4.1.115.Final","azure-netty-native-version":"2.0.69.Final","classpath-netty-version-io.netty:netty-common":"4.1.117.Final","classpath-netty-version-io.netty:netty-handler":"4.1.117.Final","classpath-netty-version-io.netty:netty-handler-proxy":"4.1.117.Final","classpath-netty-version-io.netty:netty-buffer":"4.1.117.Final","classpath-netty-version-io.netty:netty-codec":"4.1.117.Final","classpath-netty-version-io.netty:netty-codec-http":"4.1.117.Final","classpath-netty-version-io.netty:netty-codec-http2":"4.1.117.Final","classpath-netty-version-io.netty:netty-transport-native-unix-common":"4.1.117.Final","classpath-netty-version-io.netty:netty-transport-native-epoll":"4.1.117.Final","classpath-netty-version-io.netty:netty-transport-native-kqueue":"4.1.117.Final","classpath-native-netty-version-io.netty:netty-tcnative-boringssl-static":"2.0.69.Final"}
2025-02-14T23:24:34.976+05:30  INFO 39103 --- [rag] [           main] o.s.a.v.pgvector.PgVectorStore           : Using the vector table name: documentgpt_vectors. Is empty: false
2025-02-14T23:24:34.980+05:30  INFO 39103 --- [rag] [           main] o.s.a.v.pgvector.PgVectorStore           : Initializing PGVectorStore schema for table: documentgpt_vectors in schema: public
2025-02-14T23:24:34.980+05:30  INFO 39103 --- [rag] [           main] o.s.a.v.pgvector.PgVectorStore           : vectorTableValidationsEnabled false
2025-02-14T23:24:34.983+05:30  INFO 39103 --- [rag] [           main] com.zaxxer.hikari.HikariDataSource       : HikariPool-1 - Starting...
2025-02-14T23:24:39.037+05:30  INFO 39103 --- [rag] [           main] com.zaxxer.hikari.pool.HikariPool        : HikariPool-1 - Added connection org.postgresql.jdbc.PgConnection@67e21b55
2025-02-14T23:24:39.039+05:30  INFO 39103 --- [rag] [           main] com.zaxxer.hikari.HikariDataSource       : HikariPool-1 - Start completed.
2025-02-14T23:24:43.653+05:30  WARN 39103 --- [rag] [           main] .s.s.UserDetailsServiceAutoConfiguration : 

Using generated security password: 8d06383e-5ecd-4bb4-8836-934581d44866

This generated password is for development use only. Your security configuration must be updated before running your application in production.

2025-02-14T23:24:43.662+05:30  INFO 39103 --- [rag] [           main] r$InitializeUserDetailsManagerConfigurer : Global AuthenticationManager configured with UserDetailsService bean with name inMemoryUserDetailsManager
2025-02-14T23:24:43.721+05:30  INFO 39103 --- [rag] [           main] o.s.s.w.a.c.ChannelProcessingFilter      : Validated configuration attributes
2025-02-14T23:24:44.468+05:30  INFO 39103 --- [rag] [           main] c.document.chat.rag.RagApplicationTests  : Started RagApplicationTests in 11.084 seconds (process running for 11.807)
2025-02-14T23:24:46.644+05:30  INFO 39103 --- [rag] [           main] c.d.c.r.ingestion.VideoIngestionService  : result size  : 4
]]></system-out>
    <system-err><![CDATA[Mockito is currently self-attaching to enable the inline-mock-maker. This will no longer work in future releases of the JDK. Please add Mockito as an agent to your build what is described in Mockito's documentation: https://javadoc.io/doc/org.mockito/mockito-core/latest/org/mockito/Mockito.html#0.3
WARNING: A Java agent has been loaded dynamically (/Users/sourav/.m2/repository/net/bytebuddy/byte-buddy-agent/1.15.11/byte-buddy-agent-1.15.11.jar)
WARNING: If a serviceability tool is in use, please run with -XX:+EnableDynamicAgentLoading to hide this warning
WARNING: If a serviceability tool is not in use, please run with -Djdk.instrument.traceUsage for more information
WARNING: Dynamic loading of agents will be disallowed by default in a future release
]]></system-err>
  </testcase>
</testsuite>